2018-02-01 14:40:25 7456 [Note] InnoDB: innodb_empty_free_list_algorithm has been changed to legacy because of small buffer pool size. In order to use backoff, increase buffer pool at least up to 20MB.

2018-02-01 14:40:25 7456 [Note] InnoDB: Using mutexes to ref count buffer pool pages
2018-02-01 14:40:25 7456 [Note] InnoDB: The InnoDB memory heap is disabled
2018-02-01 14:40:25 7456 [Note] InnoDB: Mutexes and rw_locks use Windows interlocked functions
2018-02-01 14:40:25 7456 [Note] InnoDB: _mm_lfence() and _mm_sfence() are used for memory barrier
2018-02-01 14:40:25 7456 [Note] InnoDB: Compressed tables use zlib 1.2.3
2018-02-01 14:40:25 7456 [Note] InnoDB: Using generic crc32 instructions
2018-02-01 14:40:25 7456 [Note] InnoDB: Initializing buffer pool, size = 128.0M
2018-02-01 14:40:25 7456 [Note] InnoDB: Completed initialization of buffer pool
2018-02-01 14:40:26 7456 [Note] InnoDB: Highest supported file format is Barracuda.
2018-02-01 14:40:26 7456 [Note] InnoDB: The log sequence number 1835037 in ibdata file do not match the log sequence number 1900571 in the ib_logfiles!
2018-02-01 14:40:26 7456 [Note] InnoDB: Restoring possible half-written data pages from the doublewrite buffer...
2018-02-01 14:40:26 7456 [Warning] InnoDB: Resizing redo log from 2*320 to 2*3072 pages, LSN=1900571
2018-02-01 14:40:26 7456 [Warning] InnoDB: Starting to delete and rewrite log files.
2018-02-01 14:40:26 7456 [Note] InnoDB: Setting log file .\ib_logfile101 size to 48 MB
2018-02-01 14:40:26 7456 [Note] InnoDB: Setting log file .\ib_logfile1 size to 48 MB
2018-02-01 14:40:26 7456 [Note] InnoDB: Renaming log file .\ib_logfile101 to .\ib_logfile0
2018-02-01 14:40:26 7456 [Warning] InnoDB: New log files created, LSN=1901068
2018-02-01 14:40:26 7456 [Note] InnoDB: 128 rollback segment(s) are active.
2018-02-01 14:40:26 7456 [Note] InnoDB: Waiting for purge to start
2018-02-01 14:40:26 7456 [Note] InnoDB:  Percona XtraDB (http://www.percona.com) 5.6.36-82.2 started; log sequence number 1900571
2018-02-01 14:40:26 3484 [Note] InnoDB: Dumping buffer pool(s) not yet started
2018-02-01 14:40:26 7456 [Note] Plugin 'FEEDBACK' is disabled.
2018-02-01 14:40:26 7456 [Note] Server socket created on IP: '::'.
2018-02-01 14:43:08 332 [Note] InnoDB: innodb_empty_free_list_algorithm has been changed to legacy because of small buffer pool size. In order to use backoff, increase buffer pool at least up to 20MB.

2018-02-01 14:43:08 332 [Note] InnoDB: Using mutexes to ref count buffer pool pages
2018-02-01 14:43:08 332 [Note] InnoDB: The InnoDB memory heap is disabled
2018-02-01 14:43:08 332 [Note] InnoDB: Mutexes and rw_locks use Windows interlocked functions
2018-02-01 14:43:08 332 [Note] InnoDB: _mm_lfence() and _mm_sfence() are used for memory barrier
2018-02-01 14:43:08 332 [Note] InnoDB: Compressed tables use zlib 1.2.3
2018-02-01 14:43:08 332 [Note] InnoDB: Using generic crc32 instructions
2018-02-01 14:43:08 332 [Note] InnoDB: Initializing buffer pool, size = 128.0M
2018-02-01 14:43:08 332 [Note] InnoDB: Completed initialization of buffer pool
2018-02-01 14:43:08 332 [Note] InnoDB: Highest supported file format is Barracuda.
2018-02-01 14:43:08 332 [Note] InnoDB: The log sequence number 1835037 in ibdata file do not match the log sequence number 1987559 in the ib_logfiles!
2018-02-01 14:43:08 332 [Note] InnoDB: Restoring possible half-written data pages from the doublewrite buffer...
2018-02-01 14:43:09 332 [Note] InnoDB: 128 rollback segment(s) are active.
2018-02-01 14:43:09 332 [Note] InnoDB: Waiting for purge to start
2018-02-01 14:43:09 332 [Note] InnoDB:  Percona XtraDB (http://www.percona.com) 5.6.36-82.2 started; log sequence number 1987559
2018-02-01 14:43:09 11820 [Note] InnoDB: Dumping buffer pool(s) not yet started
2018-02-01 14:43:09 332 [Note] Plugin 'FEEDBACK' is disabled.
2018-02-01 14:43:09 332 [Note] Server socket created on IP: '::'.
2018-02-01 14:55:58 3800 [Note] InnoDB: innodb_empty_free_list_algorithm has been changed to legacy because of small buffer pool size. In order to use backoff, increase buffer pool at least up to 20MB.

2018-02-01 14:55:58 3800 [Note] InnoDB: Using mutexes to ref count buffer pool pages
2018-02-01 14:55:58 3800 [Note] InnoDB: The InnoDB memory heap is disabled
2018-02-01 14:55:58 3800 [Note] InnoDB: Mutexes and rw_locks use Windows interlocked functions
2018-02-01 14:55:58 3800 [Note] InnoDB: _mm_lfence() and _mm_sfence() are used for memory barrier
2018-02-01 14:55:58 3800 [Note] InnoDB: Compressed tables use zlib 1.2.3
2018-02-01 14:55:58 3800 [Note] InnoDB: Using generic crc32 instructions
2018-02-01 14:55:58 3800 [Note] InnoDB: Initializing buffer pool, size = 128.0M
2018-02-01 14:55:58 3800 [Note] InnoDB: Completed initialization of buffer pool
2018-02-01 14:55:58 3800 [Note] InnoDB: Highest supported file format is Barracuda.
2018-02-01 14:55:58 3800 [Note] InnoDB: The log sequence number 1835037 in ibdata file do not match the log sequence number 2007617 in the ib_logfiles!
2018-02-01 14:55:58 3800 [Note] InnoDB: Restoring possible half-written data pages from the doublewrite buffer...
2018-02-01 14:55:58 3800 [Note] InnoDB: 128 rollback segment(s) are active.
2018-02-01 14:55:58 3800 [Note] InnoDB: Waiting for purge to start
2018-02-01 14:55:58 3800 [Note] InnoDB:  Percona XtraDB (http://www.percona.com) 5.6.36-82.2 started; log sequence number 2007617
2018-02-01 14:55:58 9576 [Note] InnoDB: Dumping buffer pool(s) not yet started
2018-02-01 14:55:58 3800 [Note] Plugin 'FEEDBACK' is disabled.
2018-02-01 14:55:58 3800 [Note] Server socket created on IP: '::'.
2018-02-01 18:08:46 11236 [Note] InnoDB: innodb_empty_free_list_algorithm has been changed to legacy because of small buffer pool size. In order to use backoff, increase buffer pool at least up to 20MB.

2018-02-01 18:08:46 11236 [Note] InnoDB: Using mutexes to ref count buffer pool pages
2018-02-01 18:08:46 11236 [Note] InnoDB: The InnoDB memory heap is disabled
2018-02-01 18:08:46 11236 [Note] InnoDB: Mutexes and rw_locks use Windows interlocked functions
2018-02-01 18:08:46 11236 [Note] InnoDB: _mm_lfence() and _mm_sfence() are used for memory barrier
2018-02-01 18:08:46 11236 [Note] InnoDB: Compressed tables use zlib 1.2.3
2018-02-01 18:08:46 11236 [Note] InnoDB: Using generic crc32 instructions
2018-02-01 18:08:46 11236 [Note] InnoDB: Initializing buffer pool, size = 128.0M
2018-02-01 18:08:46 11236 [Note] InnoDB: Completed initialization of buffer pool
2018-02-01 18:08:46 11236 [Note] InnoDB: Highest supported file format is Barracuda.
2018-02-01 18:08:46 11236 [Note] InnoDB: The log sequence number 1835037 in ibdata file do not match the log sequence number 2086084 in the ib_logfiles!
2018-02-01 18:08:46 11236 [Note] InnoDB: Restoring possible half-written data pages from the doublewrite buffer...
2018-02-01 18:08:47 11236 [Note] InnoDB: 128 rollback segment(s) are active.
2018-02-01 18:08:47 11236 [Note] InnoDB: Waiting for purge to start
2018-02-01 18:08:47 11236 [Note] InnoDB:  Percona XtraDB (http://www.percona.com) 5.6.36-82.2 started; log sequence number 2086084
2018-02-01 18:08:47 11728 [Note] InnoDB: Dumping buffer pool(s) not yet started
2018-02-01 18:08:47 11236 [Note] Plugin 'FEEDBACK' is disabled.
2018-02-01 18:08:47 11236 [Note] Server socket created on IP: '::'.
2018-02-02 11:06:36 2908 [Note] InnoDB: innodb_empty_free_list_algorithm has been changed to legacy because of small buffer pool size. In order to use backoff, increase buffer pool at least up to 20MB.

2018-02-02 11:06:36 2908 [Note] InnoDB: Using mutexes to ref count buffer pool pages
2018-02-02 11:06:36 2908 [Note] InnoDB: The InnoDB memory heap is disabled
2018-02-02 11:06:36 2908 [Note] InnoDB: Mutexes and rw_locks use Windows interlocked functions
2018-02-02 11:06:36 2908 [Note] InnoDB: _mm_lfence() and _mm_sfence() are used for memory barrier
2018-02-02 11:06:36 2908 [Note] InnoDB: Compressed tables use zlib 1.2.3
2018-02-02 11:06:36 2908 [Note] InnoDB: Using generic crc32 instructions
2018-02-02 11:06:36 2908 [Note] InnoDB: Initializing buffer pool, size = 128.0M
2018-02-02 11:06:36 2908 [Note] InnoDB: Completed initialization of buffer pool
2018-02-02 11:06:36 2908 [Note] InnoDB: Highest supported file format is Barracuda.
2018-02-02 11:06:36 2908 [Note] InnoDB: The log sequence number 1835037 in ibdata file do not match the log sequence number 2210520 in the ib_logfiles!
2018-02-02 11:06:36 2908 [Note] InnoDB: Restoring possible half-written data pages from the doublewrite buffer...
2018-02-02 11:06:37 2908 [Note] InnoDB: 128 rollback segment(s) are active.
2018-02-02 11:06:37 2908 [Note] InnoDB: Waiting for purge to start
2018-02-02 11:06:37 2908 [Note] InnoDB:  Percona XtraDB (http://www.percona.com) 5.6.36-82.2 started; log sequence number 2210520
2018-02-02 11:06:37 5784 [Note] InnoDB: Dumping buffer pool(s) not yet started
2018-02-02 11:06:37 2908 [Note] Plugin 'FEEDBACK' is disabled.
2018-02-02 11:06:37 2908 [Note] Server socket created on IP: '::'.
2018-02-07 16:58:31 3384 [Note] InnoDB: innodb_empty_free_list_algorithm has been changed to legacy because of small buffer pool size. In order to use backoff, increase buffer pool at least up to 20MB.

2018-02-07 16:58:31 3384 [Note] InnoDB: Using mutexes to ref count buffer pool pages
2018-02-07 16:58:31 3384 [Note] InnoDB: The InnoDB memory heap is disabled
2018-02-07 16:58:31 3384 [Note] InnoDB: Mutexes and rw_locks use Windows interlocked functions
2018-02-07 16:58:31 3384 [Note] InnoDB: _mm_lfence() and _mm_sfence() are used for memory barrier
2018-02-07 16:58:31 3384 [Note] InnoDB: Compressed tables use zlib 1.2.3
2018-02-07 16:58:31 3384 [Note] InnoDB: Using generic crc32 instructions
2018-02-07 16:58:31 3384 [Note] InnoDB: Initializing buffer pool, size = 128.0M
2018-02-07 16:58:31 3384 [Note] InnoDB: Completed initialization of buffer pool
2018-02-07 16:58:31 3384 [Note] InnoDB: Highest supported file format is Barracuda.
2018-02-07 16:58:31 3384 [Note] InnoDB: The log sequence number 1835037 in ibdata file do not match the log sequence number 2318584 in the ib_logfiles!
2018-02-07 16:58:31 3384 [Note] InnoDB: Restoring possible half-written data pages from the doublewrite buffer...
2018-02-07 16:58:31 3384 [Note] InnoDB: 128 rollback segment(s) are active.
2018-02-07 16:58:31 3384 [Note] InnoDB: Waiting for purge to start
2018-02-07 16:58:31 3384 [Note] InnoDB:  Percona XtraDB (http://www.percona.com) 5.6.36-82.2 started; log sequence number 2318584
2018-02-07 16:58:31 3240 [Note] InnoDB: Dumping buffer pool(s) not yet started
2018-02-07 16:58:31 3384 [Note] Plugin 'FEEDBACK' is disabled.
2018-02-07 16:58:31 3384 [Note] Server socket created on IP: '::'.
