2018-02-04 15:18:47 6720 [Note] InnoDB: innodb_empty_free_list_algorithm has been changed to legacy because of small buffer pool size. In order to use backoff, increase buffer pool at least up to 20MB.

2018-02-04 15:18:47 6720 [Note] InnoDB: Using mutexes to ref count buffer pool pages
2018-02-04 15:18:47 6720 [Note] InnoDB: The InnoDB memory heap is disabled
2018-02-04 15:18:47 6720 [Note] InnoDB: Mutexes and rw_locks use Windows interlocked functions
2018-02-04 15:18:47 6720 [Note] InnoDB: _mm_lfence() and _mm_sfence() are used for memory barrier
2018-02-04 15:18:47 6720 [Note] InnoDB: Compressed tables use zlib 1.2.3
2018-02-04 15:18:47 6720 [Note] InnoDB: Using generic crc32 instructions
2018-02-04 15:18:47 6720 [Note] InnoDB: Initializing buffer pool, size = 128.0M
2018-02-04 15:18:47 6720 [Note] InnoDB: Completed initialization of buffer pool
2018-02-04 15:18:47 6720 [Note] InnoDB: Highest supported file format is Barracuda.
2018-02-04 15:18:47 6720 [Note] InnoDB: The log sequence number 1835037 in ibdata file do not match the log sequence number 2220072 in the ib_logfiles!
2018-02-04 15:18:47 6720 [Note] InnoDB: Restoring possible half-written data pages from the doublewrite buffer...
2018-02-04 15:18:48 6720 [Note] InnoDB: 128 rollback segment(s) are active.
2018-02-04 15:18:48 6720 [Note] InnoDB: Waiting for purge to start
2018-02-04 15:18:48 6720 [Note] InnoDB:  Percona XtraDB (http://www.percona.com) 5.6.36-82.2 started; log sequence number 2220072
2018-02-04 15:18:48 6776 [Note] InnoDB: Dumping buffer pool(s) not yet started
2018-02-04 15:18:48 6720 [Note] Plugin 'FEEDBACK' is disabled.
2018-02-04 15:18:48 6720 [Note] Server socket created on IP: '::'.
2018-02-04 15:18:48 6720 [Note] Database\bin\mysqld.exe: ready for connections.
Version: '10.1.30-MariaDB'  socket: ''  port: 3306  mariadb.org binary distribution
2018-02-04 15:39:04 7584 [ERROR] Incorrect definition of table mysql.column_stats: expected column 'min_value' at position 3 to have type varbinary(255), found type varchar(255).
2018-02-04 15:39:04 7584 [ERROR] Incorrect definition of table mysql.column_stats: expected column 'max_value' at position 4 to have type varbinary(255), found type varchar(255).
2018-02-04 15:39:09 7584 [ERROR] Incorrect definition of table mysql.column_stats: expected column 'min_value' at position 3 to have type varbinary(255), found type varchar(255).
2018-02-04 15:39:09 7584 [ERROR] Incorrect definition of table mysql.column_stats: expected column 'max_value' at position 4 to have type varbinary(255), found type varchar(255).
2018-02-04 16:30:30 2864 [Warning] IP address '222.186.172.53' could not be resolved: No such host is known. 
